{"D:\\git\\Interviews\\WAContactSync\\frontend\\src\\components\\ActionButtons.jsx": {"path":"D:\\git\\Interviews\\WAContactSync\\frontend\\src\\components\\ActionButtons.jsx","statementMap":{"0":{"start":{"line":8,"column":36},"end":{"line":8,"column":50}},"1":{"start":{"line":9,"column":48},"end":{"line":9,"column":62}},"2":{"start":{"line":10,"column":42},"end":{"line":10,"column":55}},"3":{"start":{"line":12,"column":20},"end":{"line":18,"column":3}},"4":{"start":{"line":13,"column":19},"end":{"line":13,"column":21}},"5":{"start":{"line":14,"column":4},"end":{"line":14,"column":49}},"6":{"start":{"line":14,"column":19},"end":{"line":14,"column":49}},"7":{"start":{"line":15,"column":4},"end":{"line":15,"column":61}},"8":{"start":{"line":15,"column":25},"end":{"line":15,"column":61}},"9":{"start":{"line":16,"column":4},"end":{"line":16,"column":59}},"10":{"start":{"line":16,"column":22},"end":{"line":16,"column":59}},"11":{"start":{"line":17,"column":4},"end":{"line":17,"column":18}},"12":{"start":{"line":20,"column":23},"end":{"line":41,"column":3}},"13":{"start":{"line":21,"column":19},"end":{"line":36,"column":6}},"14":{"start":{"line":38,"column":4},"end":{"line":40,"column":5}},"15":{"start":{"line":39,"column":6},"end":{"line":39,"column":16}},"16":{"start":{"line":43,"column":2},"end":{"line":118,"column":4}},"17":{"start":{"line":50,"column":28},"end":{"line":50,"column":52}},"18":{"start":{"line":59,"column":28},"end":{"line":59,"column":64}},"19":{"start":{"line":69,"column":29},"end":{"line":69,"column":68}},"20":{"start":{"line":72,"column":14},"end":{"line":74,"column":23}},"21":{"start":{"line":82,"column":25},"end":{"line":82,"column":44}},"22":{"start":{"line":91,"column":25},"end":{"line":91,"column":44}},"23":{"start":{"line":100,"column":25},"end":{"line":100,"column":48}}},"fnMap":{"0":{"name":"ActionButtons","decl":{"start":{"line":7,"column":24},"end":{"line":7,"column":37}},"loc":{"start":{"line":7,"column":88},"end":{"line":119,"column":1}},"line":7},"1":{"name":"(anonymous_1)","decl":{"start":{"line":12,"column":20},"end":{"line":12,"column":21}},"loc":{"start":{"line":12,"column":26},"end":{"line":18,"column":3}},"line":12},"2":{"name":"(anonymous_2)","decl":{"start":{"line":20,"column":23},"end":{"line":20,"column":24}},"loc":{"start":{"line":20,"column":35},"end":{"line":41,"column":3}},"line":20},"3":{"name":"(anonymous_3)","decl":{"start":{"line":50,"column":22},"end":{"line":50,"column":23}},"loc":{"start":{"line":50,"column":28},"end":{"line":50,"column":52}},"line":50},"4":{"name":"(anonymous_4)","decl":{"start":{"line":59,"column":22},"end":{"line":59,"column":23}},"loc":{"start":{"line":59,"column":28},"end":{"line":59,"column":64}},"line":59},"5":{"name":"(anonymous_5)","decl":{"start":{"line":69,"column":22},"end":{"line":69,"column":23}},"loc":{"start":{"line":69,"column":29},"end":{"line":69,"column":68}},"line":69},"6":{"name":"(anonymous_6)","decl":{"start":{"line":71,"column":41},"end":{"line":71,"column":42}},"loc":{"start":{"line":72,"column":14},"end":{"line":74,"column":23}},"line":72},"7":{"name":"(anonymous_7)","decl":{"start":{"line":82,"column":19},"end":{"line":82,"column":20}},"loc":{"start":{"line":82,"column":25},"end":{"line":82,"column":44}},"line":82},"8":{"name":"(anonymous_8)","decl":{"start":{"line":91,"column":19},"end":{"line":91,"column":20}},"loc":{"start":{"line":91,"column":25},"end":{"line":91,"column":44}},"line":91},"9":{"name":"(anonymous_9)","decl":{"start":{"line":100,"column":19},"end":{"line":100,"column":20}},"loc":{"start":{"line":100,"column":25},"end":{"line":100,"column":48}},"line":100}},"branchMap":{"0":{"loc":{"start":{"line":14,"column":4},"end":{"line":14,"column":49}},"type":"if","locations":[{"start":{"line":14,"column":4},"end":{"line":14,"column":49}},{"start":{},"end":{}}],"line":14},"1":{"loc":{"start":{"line":15,"column":4},"end":{"line":15,"column":61}},"type":"if","locations":[{"start":{"line":15,"column":4},"end":{"line":15,"column":61}},{"start":{},"end":{}}],"line":15},"2":{"loc":{"start":{"line":16,"column":4},"end":{"line":16,"column":59}},"type":"if","locations":[{"start":{"line":16,"column":4},"end":{"line":16,"column":59}},{"start":{},"end":{}}],"line":16},"3":{"loc":{"start":{"line":38,"column":4},"end":{"line":40,"column":5}},"type":"if","locations":[{"start":{"line":38,"column":4},"end":{"line":40,"column":5}},{"start":{},"end":{}}],"line":38}},"s":{"0":1,"1":1,"2":1,"3":1,"4":1,"5":1,"6":1,"7":1,"8":1,"9":1,"10":1,"11":1,"12":1,"13":0,"14":0,"15":0,"16":1,"17":0,"18":0,"19":0,"20":5,"21":1,"22":0,"23":0},"f":{"0":1,"1":1,"2":0,"3":0,"4":0,"5":0,"6":5,"7":1,"8":0,"9":0},"b":{"0":[1,0],"1":[1,0],"2":[1,0],"3":[0,0]},"_coverageSchema":"1a1c01bbd47fc00a2c39e90264f33305004495a9","hash":"0b336081ca2a41c71050e8f43c02858806f2392e"}
,"D:\\git\\Interviews\\WAContactSync\\frontend\\src\\components\\ContactTable.jsx": {"path":"D:\\git\\Interviews\\WAContactSync\\frontend\\src\\components\\ContactTable.jsx","statementMap":{"0":{"start":{"line":7,"column":30},"end":{"line":7,"column":59}},"1":{"start":{"line":8,"column":32},"end":{"line":8,"column":47}},"2":{"start":{"line":9,"column":30},"end":{"line":9,"column":42}},"3":{"start":{"line":10,"column":44},"end":{"line":10,"column":58}},"4":{"start":{"line":12,"column":2},"end":{"line":22,"column":3}},"5":{"start":{"line":13,"column":4},"end":{"line":21,"column":6}},"6":{"start":{"line":24,"column":2},"end":{"line":24,"column":89}},"7":{"start":{"line":24,"column":29},"end":{"line":24,"column":89}},"8":{"start":{"line":26,"column":27},"end":{"line":29,"column":3}},"9":{"start":{"line":27,"column":4},"end":{"line":28,"column":57}},"10":{"start":{"line":31,"column":25},"end":{"line":46,"column":4}},"11":{"start":{"line":32,"column":17},"end":{"line":32,"column":26}},"12":{"start":{"line":33,"column":17},"end":{"line":33,"column":26}},"13":{"start":{"line":35,"column":4},"end":{"line":35,"column":79}},"14":{"start":{"line":35,"column":36},"end":{"line":35,"column":79}},"15":{"start":{"line":37,"column":4},"end":{"line":41,"column":5}},"16":{"start":{"line":38,"column":20},"end":{"line":38,"column":49}},"17":{"start":{"line":39,"column":20},"end":{"line":39,"column":49}},"18":{"start":{"line":40,"column":6},"end":{"line":40,"column":53}},"19":{"start":{"line":43,"column":4},"end":{"line":45,"column":61}},"20":{"start":{"line":48,"column":21},"end":{"line":51,"column":3}},"21":{"start":{"line":49,"column":4},"end":{"line":49,"column":22}},"22":{"start":{"line":50,"column":4},"end":{"line":50,"column":52}},"23":{"start":{"line":53,"column":2},"end":{"line":142,"column":4}},"24":{"start":{"line":70,"column":27},"end":{"line":70,"column":52}},"25":{"start":{"line":81,"column":31},"end":{"line":81,"column":49}},"26":{"start":{"line":87,"column":31},"end":{"line":87,"column":50}},"27":{"start":{"line":95,"column":31},"end":{"line":95,"column":58}},"28":{"start":{"line":103,"column":31},"end":{"line":103,"column":62}},"29":{"start":{"line":112,"column":14},"end":{"line":132,"column":19}},"30":{"start":{"line":126,"column":35},"end":{"line":126,"column":66}},"31":{"start":{"line":139,"column":60},"end":{"line":139,"column":82}}},"fnMap":{"0":{"name":"ContactTable","decl":{"start":{"line":6,"column":24},"end":{"line":6,"column":36}},"loc":{"start":{"line":6,"column":60},"end":{"line":143,"column":1}},"line":6},"1":{"name":"(anonymous_1)","decl":{"start":{"line":26,"column":43},"end":{"line":26,"column":44}},"loc":{"start":{"line":27,"column":4},"end":{"line":28,"column":57}},"line":27},"2":{"name":"(anonymous_2)","decl":{"start":{"line":31,"column":52},"end":{"line":31,"column":53}},"loc":{"start":{"line":31,"column":62},"end":{"line":46,"column":3}},"line":31},"3":{"name":"(anonymous_3)","decl":{"start":{"line":48,"column":21},"end":{"line":48,"column":22}},"loc":{"start":{"line":48,"column":33},"end":{"line":51,"column":3}},"line":48},"4":{"name":"(anonymous_4)","decl":{"start":{"line":70,"column":20},"end":{"line":70,"column":21}},"loc":{"start":{"line":70,"column":27},"end":{"line":70,"column":52}},"line":70},"5":{"name":"(anonymous_5)","decl":{"start":{"line":81,"column":25},"end":{"line":81,"column":26}},"loc":{"start":{"line":81,"column":31},"end":{"line":81,"column":49}},"line":81},"6":{"name":"(anonymous_6)","decl":{"start":{"line":87,"column":25},"end":{"line":87,"column":26}},"loc":{"start":{"line":87,"column":31},"end":{"line":87,"column":50}},"line":87},"7":{"name":"(anonymous_7)","decl":{"start":{"line":95,"column":25},"end":{"line":95,"column":26}},"loc":{"start":{"line":95,"column":31},"end":{"line":95,"column":58}},"line":95},"8":{"name":"(anonymous_8)","decl":{"start":{"line":103,"column":25},"end":{"line":103,"column":26}},"loc":{"start":{"line":103,"column":31},"end":{"line":103,"column":62}},"line":103},"9":{"name":"(anonymous_9)","decl":{"start":{"line":111,"column":32},"end":{"line":111,"column":33}},"loc":{"start":{"line":112,"column":14},"end":{"line":132,"column":19}},"line":112},"10":{"name":"(anonymous_10)","decl":{"start":{"line":126,"column":29},"end":{"line":126,"column":30}},"loc":{"start":{"line":126,"column":35},"end":{"line":126,"column":66}},"line":126},"11":{"name":"(anonymous_11)","decl":{"start":{"line":139,"column":54},"end":{"line":139,"column":55}},"loc":{"start":{"line":139,"column":60},"end":{"line":139,"column":82}},"line":139}},"branchMap":{"0":{"loc":{"start":{"line":12,"column":2},"end":{"line":22,"column":3}},"type":"if","locations":[{"start":{"line":12,"column":2},"end":{"line":22,"column":3}},{"start":{},"end":{}}],"line":12},"1":{"loc":{"start":{"line":24,"column":2},"end":{"line":24,"column":89}},"type":"if","locations":[{"start":{"line":24,"column":2},"end":{"line":24,"column":89}},{"start":{},"end":{}}],"line":24},"2":{"loc":{"start":{"line":27,"column":4},"end":{"line":28,"column":57}},"type":"binary-expr","locations":[{"start":{"line":27,"column":4},"end":{"line":27,"column":56}},{"start":{"line":28,"column":4},"end":{"line":28,"column":57}}],"line":27},"3":{"loc":{"start":{"line":35,"column":4},"end":{"line":35,"column":79}},"type":"if","locations":[{"start":{"line":35,"column":4},"end":{"line":35,"column":79}},{"start":{},"end":{}}],"line":35},"4":{"loc":{"start":{"line":35,"column":43},"end":{"line":35,"column":78}},"type":"cond-expr","locations":[{"start":{"line":35,"column":53},"end":{"line":35,"column":64}},{"start":{"line":35,"column":67},"end":{"line":35,"column":78}}],"line":35},"5":{"loc":{"start":{"line":37,"column":4},"end":{"line":41,"column":5}},"type":"if","locations":[{"start":{"line":37,"column":4},"end":{"line":41,"column":5}},{"start":{},"end":{}}],"line":37},"6":{"loc":{"start":{"line":38,"column":29},"end":{"line":38,"column":38}},"type":"binary-expr","locations":[{"start":{"line":38,"column":29},"end":{"line":38,"column":33}},{"start":{"line":38,"column":37},"end":{"line":38,"column":38}}],"line":38},"7":{"loc":{"start":{"line":39,"column":29},"end":{"line":39,"column":38}},"type":"binary-expr","locations":[{"start":{"line":39,"column":29},"end":{"line":39,"column":33}},{"start":{"line":39,"column":37},"end":{"line":39,"column":38}}],"line":39},"8":{"loc":{"start":{"line":40,"column":13},"end":{"line":40,"column":52}},"type":"cond-expr","locations":[{"start":{"line":40,"column":23},"end":{"line":40,"column":36}},{"start":{"line":40,"column":39},"end":{"line":40,"column":52}}],"line":40},"9":{"loc":{"start":{"line":43,"column":11},"end":{"line":45,"column":60}},"type":"cond-expr","locations":[{"start":{"line":44,"column":8},"end":{"line":44,"column":60}},{"start":{"line":45,"column":8},"end":{"line":45,"column":60}}],"line":43},"10":{"loc":{"start":{"line":44,"column":15},"end":{"line":44,"column":25}},"type":"binary-expr","locations":[{"start":{"line":44,"column":15},"end":{"line":44,"column":19}},{"start":{"line":44,"column":23},"end":{"line":44,"column":25}}],"line":44},"11":{"loc":{"start":{"line":44,"column":48},"end":{"line":44,"column":58}},"type":"binary-expr","locations":[{"start":{"line":44,"column":48},"end":{"line":44,"column":52}},{"start":{"line":44,"column":56},"end":{"line":44,"column":58}}],"line":44},"12":{"loc":{"start":{"line":45,"column":15},"end":{"line":45,"column":25}},"type":"binary-expr","locations":[{"start":{"line":45,"column":15},"end":{"line":45,"column":19}},{"start":{"line":45,"column":23},"end":{"line":45,"column":25}}],"line":45},"13":{"loc":{"start":{"line":45,"column":48},"end":{"line":45,"column":58}},"type":"binary-expr","locations":[{"start":{"line":45,"column":48},"end":{"line":45,"column":52}},{"start":{"line":45,"column":56},"end":{"line":45,"column":58}}],"line":45},"14":{"loc":{"start":{"line":50,"column":15},"end":{"line":50,"column":50}},"type":"cond-expr","locations":[{"start":{"line":50,"column":35},"end":{"line":50,"column":43}},{"start":{"line":50,"column":46},"end":{"line":50,"column":50}}],"line":50},"15":{"loc":{"start":{"line":83,"column":22},"end":{"line":83,"column":68}},"type":"cond-expr","locations":[{"start":{"line":83,"column":43},"end":{"line":83,"column":62}},{"start":{"line":83,"column":66},"end":{"line":83,"column":68}}],"line":83},"16":{"loc":{"start":{"line":83,"column":43},"end":{"line":83,"column":62}},"type":"cond-expr","locations":[{"start":{"line":83,"column":53},"end":{"line":83,"column":56}},{"start":{"line":83,"column":59},"end":{"line":83,"column":62}}],"line":83},"17":{"loc":{"start":{"line":90,"column":73},"end":{"line":90,"column":120}},"type":"cond-expr","locations":[{"start":{"line":90,"column":95},"end":{"line":90,"column":114}},{"start":{"line":90,"column":118},"end":{"line":90,"column":120}}],"line":90},"18":{"loc":{"start":{"line":90,"column":95},"end":{"line":90,"column":114}},"type":"cond-expr","locations":[{"start":{"line":90,"column":105},"end":{"line":90,"column":108}},{"start":{"line":90,"column":111},"end":{"line":90,"column":114}}],"line":90},"19":{"loc":{"start":{"line":98,"column":93},"end":{"line":98,"column":148}},"type":"cond-expr","locations":[{"start":{"line":98,"column":123},"end":{"line":98,"column":142}},{"start":{"line":98,"column":146},"end":{"line":98,"column":148}}],"line":98},"20":{"loc":{"start":{"line":98,"column":123},"end":{"line":98,"column":142}},"type":"cond-expr","locations":[{"start":{"line":98,"column":133},"end":{"line":98,"column":136}},{"start":{"line":98,"column":139},"end":{"line":98,"column":142}}],"line":98},"21":{"loc":{"start":{"line":105,"column":30},"end":{"line":105,"column":89}},"type":"cond-expr","locations":[{"start":{"line":105,"column":64},"end":{"line":105,"column":83}},{"start":{"line":105,"column":87},"end":{"line":105,"column":89}}],"line":105},"22":{"loc":{"start":{"line":105,"column":64},"end":{"line":105,"column":83}},"type":"cond-expr","locations":[{"start":{"line":105,"column":74},"end":{"line":105,"column":77}},{"start":{"line":105,"column":80},"end":{"line":105,"column":83}}],"line":105},"23":{"loc":{"start":{"line":117,"column":19},"end":{"line":117,"column":45}},"type":"binary-expr","locations":[{"start":{"line":117,"column":19},"end":{"line":117,"column":40}},{"start":{"line":117,"column":44},"end":{"line":117,"column":45}}],"line":117},"24":{"loc":{"start":{"line":120,"column":19},"end":{"line":122,"column":25}},"type":"cond-expr","locations":[{"start":{"line":121,"column":22},"end":{"line":121,"column":74}},{"start":{"line":122,"column":22},"end":{"line":122,"column":25}}],"line":120},"25":{"loc":{"start":{"line":138,"column":7},"end":{"line":140,"column":7}},"type":"binary-expr","locations":[{"start":{"line":138,"column":7},"end":{"line":138,"column":20}},{"start":{"line":139,"column":8},"end":{"line":139,"column":86}}],"line":138}},"s":{"0":5,"1":5,"2":5,"3":5,"4":5,"5":1,"6":4,"7":1,"8":3,"9":6,"10":3,"11":2,"12":2,"13":2,"14":0,"15":2,"16":2,"17":2,"18":2,"19":0,"20":3,"21":0,"22":0,"23":3,"24":1,"25":0,"26":0,"27":0,"28":0,"29":5,"30":0,"31":0},"f":{"0":5,"1":6,"2":2,"3":0,"4":1,"5":0,"6":0,"7":0,"8":0,"9":5,"10":0,"11":0},"b":{"0":[1,4],"1":[1,3],"2":[6,1],"3":[0,2],"4":[0,0],"5":[2,0],"6":[2,0],"7":[2,0],"8":[0,2],"9":[0,0],"10":[0,0],"11":[0,0],"12":[0,0],"13":[0,0],"14":[0,0],"15":[0,3],"16":[0,0],"17":[0,3],"18":[0,0],"19":[0,3],"20":[0,0],"21":[3,0],"22":[0,3],"23":[5,0],"24":[5,0],"25":[3,0]},"_coverageSchema":"1a1c01bbd47fc00a2c39e90264f33305004495a9","hash":"9f4bb8694c96ec38542b463c6e1bc0a5afebdb22"}
,"D:\\git\\Interviews\\WAContactSync\\frontend\\src\\components\\Header.jsx": {"path":"D:\\git\\Interviews\\WAContactSync\\frontend\\src\\components\\Header.jsx","statementMap":{"0":{"start":{"line":4,"column":4},"end":{"line":6,"column":6}}},"fnMap":{"0":{"name":"Header","decl":{"start":{"line":3,"column":24},"end":{"line":3,"column":30}},"loc":{"start":{"line":3,"column":33},"end":{"line":7,"column":3}},"line":3}},"branchMap":{},"s":{"0":1},"f":{"0":1},"b":{},"_coverageSchema":"1a1c01bbd47fc00a2c39e90264f33305004495a9","hash":"7a3d181a9b0e86bd4754dbfe4a8ab3e90cd4f097"}
,"D:\\git\\Interviews\\WAContactSync\\frontend\\src\\components\\MessagesModal.jsx": {"path":"D:\\git\\Interviews\\WAContactSync\\frontend\\src\\components\\MessagesModal.jsx","statementMap":{"0":{"start":{"line":7,"column":34},"end":{"line":7,"column":46}},"1":{"start":{"line":8,"column":32},"end":{"line":8,"column":46}},"2":{"start":{"line":11,"column":2},"end":{"line":24,"column":14}},"3":{"start":{"line":12,"column":26},"end":{"line":21,"column":5}},"4":{"start":{"line":13,"column":6},"end":{"line":20,"column":7}},"5":{"start":{"line":14,"column":20},"end":{"line":14,"column":57}},"6":{"start":{"line":15,"column":8},"end":{"line":15,"column":45}},"7":{"start":{"line":17,"column":8},"end":{"line":17,"column":56}},"8":{"start":{"line":19,"column":8},"end":{"line":19,"column":26}},"9":{"start":{"line":23,"column":4},"end":{"line":23,"column":20}},"10":{"start":{"line":26,"column":2},"end":{"line":65,"column":4}},"11":{"start":{"line":40,"column":18},"end":{"line":48,"column":23}}},"fnMap":{"0":{"name":"MessagesModal","decl":{"start":{"line":6,"column":24},"end":{"line":6,"column":37}},"loc":{"start":{"line":6,"column":58},"end":{"line":66,"column":1}},"line":6},"1":{"name":"(anonymous_1)","decl":{"start":{"line":11,"column":12},"end":{"line":11,"column":13}},"loc":{"start":{"line":11,"column":18},"end":{"line":24,"column":3}},"line":11},"2":{"name":"(anonymous_2)","decl":{"start":{"line":12,"column":26},"end":{"line":12,"column":27}},"loc":{"start":{"line":12,"column":38},"end":{"line":21,"column":5}},"line":12},"3":{"name":"(anonymous_3)","decl":{"start":{"line":39,"column":30},"end":{"line":39,"column":31}},"loc":{"start":{"line":40,"column":18},"end":{"line":48,"column":23}},"line":40}},"branchMap":{"0":{"loc":{"start":{"line":15,"column":20},"end":{"line":15,"column":43}},"type":"binary-expr","locations":[{"start":{"line":15,"column":20},"end":{"line":15,"column":37}},{"start":{"line":15,"column":41},"end":{"line":15,"column":43}}],"line":15},"1":{"loc":{"start":{"line":31,"column":9},"end":{"line":53,"column":9}},"type":"cond-expr","locations":[{"start":{"line":32,"column":10},"end":{"line":32,"column":74}},{"start":{"line":34,"column":10},"end":{"line":52,"column":13}}],"line":31},"2":{"loc":{"start":{"line":35,"column":13},"end":{"line":51,"column":13}},"type":"cond-expr","locations":[{"start":{"line":36,"column":14},"end":{"line":36,"column":90}},{"start":{"line":38,"column":14},"end":{"line":50,"column":19}}],"line":35},"3":{"loc":{"start":{"line":47,"column":21},"end":{"line":47,"column":75}},"type":"binary-expr","locations":[{"start":{"line":47,"column":21},"end":{"line":47,"column":29}},{"start":{"line":47,"column":33},"end":{"line":47,"column":75}}],"line":47}},"s":{"0":5,"1":5,"2":5,"3":3,"4":3,"5":3,"6":3,"7":0,"8":3,"9":3,"10":5,"11":2},"f":{"0":5,"1":3,"2":3,"3":2},"b":{"0":[3,0],"1":[3,2],"2":[1,1],"3":[2,0]},"_coverageSchema":"1a1c01bbd47fc00a2c39e90264f33305004495a9","hash":"9b75fc06e5db53cec36bc1200f0e8899776df418"}
,"D:\\git\\Interviews\\WAContactSync\\frontend\\src\\components\\QRSection.jsx": {"path":"D:\\git\\Interviews\\WAContactSync\\frontend\\src\\components\\QRSection.jsx","statementMap":{"0":{"start":{"line":4,"column":4},"end":{"line":4,"column":45}},"1":{"start":{"line":4,"column":33},"end":{"line":4,"column":45}},"2":{"start":{"line":6,"column":4},"end":{"line":15,"column":6}}},"fnMap":{"0":{"name":"QRSection","decl":{"start":{"line":3,"column":24},"end":{"line":3,"column":33}},"loc":{"start":{"line":3,"column":54},"end":{"line":16,"column":3}},"line":3}},"branchMap":{"0":{"loc":{"start":{"line":4,"column":4},"end":{"line":4,"column":45}},"type":"if","locations":[{"start":{"line":4,"column":4},"end":{"line":4,"column":45}},{"start":{},"end":{}}],"line":4},"1":{"loc":{"start":{"line":9,"column":9},"end":{"line":13,"column":9}},"type":"cond-expr","locations":[{"start":{"line":10,"column":10},"end":{"line":10,"column":81}},{"start":{"line":12,"column":10},"end":{"line":12,"column":38}}],"line":9}},"s":{"0":2,"1":1,"2":1},"f":{"0":2},"b":{"0":[1,1],"1":[1,0]},"_coverageSchema":"1a1c01bbd47fc00a2c39e90264f33305004495a9","hash":"3a02e6a5e7ede5f74306c1874fef1fb033bef8d0"}
,"D:\\git\\Interviews\\WAContactSync\\frontend\\src\\components\\StatusBanner.jsx": {"path":"D:\\git\\Interviews\\WAContactSync\\frontend\\src\\components\\StatusBanner.jsx","statementMap":{"0":{"start":{"line":5,"column":2},"end":{"line":11,"column":3}},"1":{"start":{"line":6,"column":4},"end":{"line":10,"column":6}},"2":{"start":{"line":13,"column":2},"end":{"line":19,"column":3}},"3":{"start":{"line":14,"column":4},"end":{"line":18,"column":6}},"4":{"start":{"line":21,"column":2},"end":{"line":21,"column":14}}},"fnMap":{"0":{"name":"StatusBanner","decl":{"start":{"line":4,"column":24},"end":{"line":4,"column":36}},"loc":{"start":{"line":4,"column":49},"end":{"line":22,"column":1}},"line":4}},"branchMap":{"0":{"loc":{"start":{"line":5,"column":2},"end":{"line":11,"column":3}},"type":"if","locations":[{"start":{"line":5,"column":2},"end":{"line":11,"column":3}},{"start":{},"end":{}}],"line":5},"1":{"loc":{"start":{"line":13,"column":2},"end":{"line":19,"column":3}},"type":"if","locations":[{"start":{"line":13,"column":2},"end":{"line":19,"column":3}},{"start":{},"end":{}}],"line":13}},"s":{"0":3,"1":1,"2":2,"3":1,"4":1},"f":{"0":3},"b":{"0":[1,2],"1":[1,1]},"_coverageSchema":"1a1c01bbd47fc00a2c39e90264f33305004495a9","hash":"d786e6e6289806b563726bb7f0ed029509a399ff"}
,"D:\\git\\Interviews\\WAContactSync\\frontend\\src\\tour\\useTourSteps.js": {"path":"D:\\git\\Interviews\\WAContactSync\\frontend\\src\\tour\\useTourSteps.js","statementMap":{"0":{"start":{"line":4,"column":32},"end":{"line":4,"column":47}},"1":{"start":{"line":7,"column":16},"end":{"line":40,"column":3}},"2":{"start":{"line":43,"column":2},"end":{"line":43,"column":40}}},"fnMap":{"0":{"name":"useTourSteps","decl":{"start":{"line":3,"column":16},"end":{"line":3,"column":28}},"loc":{"start":{"line":3,"column":31},"end":{"line":44,"column":1}},"line":3}},"branchMap":{},"s":{"0":2,"1":2,"2":2},"f":{"0":2},"b":{},"_coverageSchema":"1a1c01bbd47fc00a2c39e90264f33305004495a9","hash":"cce464cfb300976cf3a0550a40cd5b4175c4eb90"}
}
