TN:
SF:src\components\ActionButtons.jsx
FN:7,ActionButtons
FN:12,(anonymous_1)
FN:20,(anonymous_2)
FN:50,(anonymous_3)
FN:59,(anonymous_4)
FN:69,(anonymous_5)
FN:71,(anonymous_6)
FN:82,(anonymous_7)
FN:91,(anonymous_8)
FN:100,(anonymous_9)
FNF:10
FNH:4
FNDA:1,ActionButtons
FNDA:1,(anonymous_1)
FNDA:0,(anonymous_2)
FNDA:0,(anonymous_3)
FNDA:0,(anonymous_4)
FNDA:0,(anonymous_5)
FNDA:5,(anonymous_6)
FNDA:1,(anonymous_7)
FNDA:0,(anonymous_8)
FNDA:0,(anonymous_9)
DA:8,1
DA:9,1
DA:10,1
DA:12,1
DA:13,1
DA:14,1
DA:15,1
DA:16,1
DA:17,1
DA:20,1
DA:21,0
DA:38,0
DA:39,0
DA:43,1
DA:50,0
DA:59,0
DA:69,0
DA:72,5
DA:82,1
DA:91,0
DA:100,0
LF:21
LH:13
BRDA:14,0,0,1
BRDA:14,0,1,0
BRDA:15,1,0,1
BRDA:15,1,1,0
BRDA:16,2,0,1
BRDA:16,2,1,0
BRDA:38,3,0,0
BRDA:38,3,1,0
BRF:8
BRH:3
end_of_record
TN:
SF:src\components\ContactTable.jsx
FN:6,ContactTable
FN:26,(anonymous_1)
FN:31,(anonymous_2)
FN:48,(anonymous_3)
FN:70,(anonymous_4)
FN:81,(anonymous_5)
FN:87,(anonymous_6)
FN:95,(anonymous_7)
FN:103,(anonymous_8)
FN:111,(anonymous_9)
FN:126,(anonymous_10)
FN:139,(anonymous_11)
FNF:12
FNH:5
FNDA:5,ContactTable
FNDA:6,(anonymous_1)
FNDA:2,(anonymous_2)
FNDA:0,(anonymous_3)
FNDA:1,(anonymous_4)
FNDA:0,(anonymous_5)
FNDA:0,(anonymous_6)
FNDA:0,(anonymous_7)
FNDA:0,(anonymous_8)
FNDA:5,(anonymous_9)
FNDA:0,(anonymous_10)
FNDA:0,(anonymous_11)
DA:7,5
DA:8,5
DA:9,5
DA:10,5
DA:12,5
DA:13,1
DA:24,4
DA:26,3
DA:27,6
DA:31,3
DA:32,2
DA:33,2
DA:35,2
DA:37,2
DA:38,2
DA:39,2
DA:40,2
DA:43,0
DA:48,3
DA:49,0
DA:50,0
DA:53,3
DA:70,1
DA:81,0
DA:87,0
DA:95,0
DA:103,0
DA:112,5
DA:126,0
DA:139,0
LF:30
LH:21
BRDA:12,0,0,1
BRDA:12,0,1,4
BRDA:24,1,0,1
BRDA:24,1,1,3
BRDA:27,2,0,6
BRDA:27,2,1,1
BRDA:35,3,0,0
BRDA:35,3,1,2
BRDA:35,4,0,0
BRDA:35,4,1,0
BRDA:37,5,0,2
BRDA:37,5,1,0
BRDA:38,6,0,2
BRDA:38,6,1,0
BRDA:39,7,0,2
BRDA:39,7,1,0
BRDA:40,8,0,0
BRDA:40,8,1,2
BRDA:43,9,0,0
BRDA:43,9,1,0
BRDA:44,10,0,0
BRDA:44,10,1,0
BRDA:44,11,0,0
BRDA:44,11,1,0
BRDA:45,12,0,0
BRDA:45,12,1,0
BRDA:45,13,0,0
BRDA:45,13,1,0
BRDA:50,14,0,0
BRDA:50,14,1,0
BRDA:83,15,0,0
BRDA:83,15,1,3
BRDA:83,16,0,0
BRDA:83,16,1,0
BRDA:90,17,0,0
BRDA:90,17,1,3
BRDA:90,18,0,0
BRDA:90,18,1,0
BRDA:98,19,0,0
BRDA:98,19,1,3
BRDA:98,20,0,0
BRDA:98,20,1,0
BRDA:105,21,0,3
BRDA:105,21,1,0
BRDA:105,22,0,0
BRDA:105,22,1,3
BRDA:117,23,0,5
BRDA:117,23,1,0
BRDA:120,24,0,5
BRDA:120,24,1,0
BRDA:138,25,0,3
BRDA:138,25,1,0
BRF:52
BRH:19
end_of_record
TN:
SF:src\components\Header.jsx
FN:3,Header
FNF:1
FNH:1
FNDA:1,Header
DA:4,1
LF:1
LH:1
BRF:0
BRH:0
end_of_record
TN:
SF:src\components\MessagesModal.jsx
FN:6,MessagesModal
FN:11,(anonymous_1)
FN:12,(anonymous_2)
FN:39,(anonymous_3)
FNF:4
FNH:4
FNDA:5,MessagesModal
FNDA:3,(anonymous_1)
FNDA:3,(anonymous_2)
FNDA:2,(anonymous_3)
DA:7,5
DA:8,5
DA:11,5
DA:12,3
DA:13,3
DA:14,3
DA:15,3
DA:17,0
DA:19,3
DA:23,3
DA:26,5
DA:40,2
LF:12
LH:11
BRDA:15,0,0,3
BRDA:15,0,1,0
BRDA:31,1,0,3
BRDA:31,1,1,2
BRDA:35,2,0,1
BRDA:35,2,1,1
BRDA:47,3,0,2
BRDA:47,3,1,0
BRF:8
BRH:6
end_of_record
TN:
SF:src\components\QRSection.jsx
FN:3,QRSection
FNF:1
FNH:1
FNDA:2,QRSection
DA:4,2
DA:6,1
LF:2
LH:2
BRDA:4,0,0,1
BRDA:4,0,1,1
BRDA:9,1,0,1
BRDA:9,1,1,0
BRF:4
BRH:3
end_of_record
TN:
SF:src\components\StatusBanner.jsx
FN:4,StatusBanner
FNF:1
FNH:1
FNDA:3,StatusBanner
DA:5,3
DA:6,1
DA:13,2
DA:14,1
DA:21,1
LF:5
LH:5
BRDA:5,0,0,1
BRDA:5,0,1,2
BRDA:13,1,0,1
BRDA:13,1,1,1
BRF:4
BRH:4
end_of_record
TN:
SF:src\tour\useTourSteps.js
FN:3,useTourSteps
FNF:1
FNH:1
FNDA:2,useTourSteps
DA:4,2
DA:7,2
DA:43,2
LF:3
LH:3
BRF:0
BRH:0
end_of_record
